   1              		.file	"explosion2.c"
   2              		.text
   3              	.Ltext0:
   4              		.globl	explosion2
   5              		.section	.rodata.explosion2,"a"
   6              		.align 32
   9              	explosion2:
 266              		.text
 267              	.Letext0:
 268              		.file 1 "src/explosion2.c"
 2188              		.section	.note.gnu.property,"a"
 2189              		.align 8
 2190 0000 04000000 		.long	 1f - 0f
 2191 0004 10000000 		.long	 4f - 1f
 2192 0008 05000000 		.long	 5
 2193              	0:
 2194 000c 474E5500 		.string	 "GNU"
 2195              	1:
 2196              		.align 8
 2197 0010 020000C0 		.long	 0xc0000002
 2198 0014 04000000 		.long	 3f - 2f
 2199              	2:
 2200 0018 03000000 		.long	 0x3
 2201              	3:
 2202 001c 00000000 		.align 8
 2203              	4:
DEFINED SYMBOLS
                            *ABS*:0000000000000000 explosion2.c
     /tmp/ccVauzc7.s:9      .rodata.explosion2:0000000000000000 explosion2
                           .group:0000000000000000 wm4.0.dfe1f935d32669a27ae367b33aa40043
                           .group:0000000000000000 wm4.stdcpredef.h.19.8dc41bed5d9037ff9622e015fb5f0ce3

NO UNDEFINED SYMBOLS
