   1              		.file	"HealthPickup.c"
   2              		.text
   3              	.Ltext0:
   4              		.globl	HealthPickup
   5              		.section	.rodata.HealthPickup,"a"
   6              		.align 32
   9              	HealthPickup:
 154              		.text
 155              	.Letext0:
 156              		.file 1 "src/HealthPickup.c"
 2076              		.section	.note.gnu.property,"a"
 2077              		.align 8
 2078 0000 04000000 		.long	 1f - 0f
 2079 0004 10000000 		.long	 4f - 1f
 2080 0008 05000000 		.long	 5
 2081              	0:
 2082 000c 474E5500 		.string	 "GNU"
 2083              	1:
 2084              		.align 8
 2085 0010 020000C0 		.long	 0xc0000002
 2086 0014 04000000 		.long	 3f - 2f
 2087              	2:
 2088 0018 03000000 		.long	 0x3
 2089              	3:
 2090 001c 00000000 		.align 8
 2091              	4:
DEFINED SYMBOLS
                            *ABS*:0000000000000000 HealthPickup.c
     /tmp/cclbeDqC.s:9      .rodata.HealthPickup:0000000000000000 HealthPickup
                           .group:0000000000000000 wm4.0.dfe1f935d32669a27ae367b33aa40043
                           .group:0000000000000000 wm4.stdcpredef.h.19.8dc41bed5d9037ff9622e015fb5f0ce3

NO UNDEFINED SYMBOLS
