   1              		.file	"Missile.c"
   2              		.text
   3              	.Ltext0:
   4              		.globl	Missile
   5              		.section	.rodata.Missile,"a"
   6              		.align 32
   9              	Missile:
  55              		.text
  56              	.Letext0:
  57              		.file 1 "src/Missile.c"
 1977              		.section	.note.gnu.property,"a"
 1978              		.align 8
 1979 0000 04000000 		.long	 1f - 0f
 1980 0004 10000000 		.long	 4f - 1f
 1981 0008 05000000 		.long	 5
 1982              	0:
 1983 000c 474E5500 		.string	 "GNU"
 1984              	1:
 1985              		.align 8
 1986 0010 020000C0 		.long	 0xc0000002
 1987 0014 04000000 		.long	 3f - 2f
 1988              	2:
 1989 0018 03000000 		.long	 0x3
 1990              	3:
 1991 001c 00000000 		.align 8
 1992              	4:
DEFINED SYMBOLS
                            *ABS*:0000000000000000 Missile.c
     /tmp/cc9jezzf.s:9      .rodata.Missile:0000000000000000 Missile
                           .group:0000000000000000 wm4.0.dfe1f935d32669a27ae367b33aa40043
                           .group:0000000000000000 wm4.stdcpredef.h.19.8dc41bed5d9037ff9622e015fb5f0ce3

NO UNDEFINED SYMBOLS
