   1              		.file	"title.c"
   2              		.text
   3              	.Ltext0:
   4              		.globl	title
   5              		.section	.rodata.title,"a"
   6              		.align 32
   9              	title:
 38410              		.text
 38411              	.Letext0:
 38412              		.file 1 "src/title.c"
 40332              		.section	.note.gnu.property,"a"
 40333              		.align 8
 40334 0000 04000000 		.long	 1f - 0f
 40335 0004 10000000 		.long	 4f - 1f
 40336 0008 05000000 		.long	 5
 40337              	0:
 40338 000c 474E5500 		.string	 "GNU"
 40339              	1:
 40340              		.align 8
 40341 0010 020000C0 		.long	 0xc0000002
 40342 0014 04000000 		.long	 3f - 2f
 40343              	2:
 40344 0018 03000000 		.long	 0x3
 40345              	3:
 40346 001c 00000000 		.align 8
 40347              	4:
DEFINED SYMBOLS
                            *ABS*:0000000000000000 title.c
     /tmp/cczuBHkV.s:9      .rodata.title:0000000000000000 title
                           .group:0000000000000000 wm4.0.dfe1f935d32669a27ae367b33aa40043
                           .group:0000000000000000 wm4.stdcpredef.h.19.8dc41bed5d9037ff9622e015fb5f0ce3

NO UNDEFINED SYMBOLS
