   1              		.file	"TurCorv.c"
   2              		.text
   3              	.Ltext0:
   4              		.globl	TurCorv
   5              		.section	.rodata.TurCorv,"a"
   6              		.align 32
   9              	TurCorv:
 310              		.text
 311              	.Letext0:
 312              		.file 1 "src/TurCorv.c"
 2232              		.section	.note.gnu.property,"a"
 2233              		.align 8
 2234 0000 04000000 		.long	 1f - 0f
 2235 0004 10000000 		.long	 4f - 1f
 2236 0008 05000000 		.long	 5
 2237              	0:
 2238 000c 474E5500 		.string	 "GNU"
 2239              	1:
 2240              		.align 8
 2241 0010 020000C0 		.long	 0xc0000002
 2242 0014 04000000 		.long	 3f - 2f
 2243              	2:
 2244 0018 03000000 		.long	 0x3
 2245              	3:
 2246 001c 00000000 		.align 8
 2247              	4:
DEFINED SYMBOLS
                            *ABS*:0000000000000000 TurCorv.c
     /tmp/ccsrjBii.s:9      .rodata.TurCorv:0000000000000000 TurCorv
                           .group:0000000000000000 wm4.0.dfe1f935d32669a27ae367b33aa40043
                           .group:0000000000000000 wm4.stdcpredef.h.19.8dc41bed5d9037ff9622e015fb5f0ce3

NO UNDEFINED SYMBOLS
