   1              		.file	"TurMissCorv.c"
   2              		.text
   3              	.Ltext0:
   4              		.globl	TurMissCorv
   5              		.section	.rodata.TurMissCorv,"a"
   6              		.align 32
   9              	TurMissCorv:
 460              		.text
 461              	.Letext0:
 462              		.file 1 "src/TurMissCorv.c"
 2382              		.section	.note.gnu.property,"a"
 2383              		.align 8
 2384 0000 04000000 		.long	 1f - 0f
 2385 0004 10000000 		.long	 4f - 1f
 2386 0008 05000000 		.long	 5
 2387              	0:
 2388 000c 474E5500 		.string	 "GNU"
 2389              	1:
 2390              		.align 8
 2391 0010 020000C0 		.long	 0xc0000002
 2392 0014 04000000 		.long	 3f - 2f
 2393              	2:
 2394 0018 03000000 		.long	 0x3
 2395              	3:
 2396 001c 00000000 		.align 8
 2397              	4:
DEFINED SYMBOLS
                            *ABS*:0000000000000000 TurMissCorv.c
     /tmp/ccNwLY04.s:9      .rodata.TurMissCorv:0000000000000000 TurMissCorv
                           .group:0000000000000000 wm4.0.dfe1f935d32669a27ae367b33aa40043
                           .group:0000000000000000 wm4.stdcpredef.h.19.8dc41bed5d9037ff9622e015fb5f0ce3

NO UNDEFINED SYMBOLS
